<?xml version="1.0" encoding="UTF-8"?>
<testsuite name="org.example.TestMain" tests="13" skipped="0" failures="0" errors="0" timestamp="2024-03-06T20:27:18" hostname="BUBU" time="0.32">
  <properties/>
  <testcase name="coliziuniCicluStudiiContestatii10()" classname="org.example.TestMain" time="0.135"/>
  <testcase name="coliziuniMedie08()" classname="org.example.TestMain" time="0.016"/>
  <testcase name="toateFunctionalitatile12()" classname="org.example.TestMain" time="0.018"/>
  <testcase name="toateFunctionalitatile13()" classname="org.example.TestMain" time="0.014"/>
  <testcase name="inroleazaSimplu05()" classname="org.example.TestMain" time="0.018"/>
  <testcase name="posteazaMedii01()" classname="org.example.TestMain" time="0.013"/>
  <testcase name="posteazaMediiContestatii02()" classname="org.example.TestMain" time="0.01"/>
  <testcase name="posteazaMediiContestatii03()" classname="org.example.TestMain" time="0.008"/>
  <testcase name="posteazaMediiContestatii04()" classname="org.example.TestMain" time="0.007"/>
  <testcase name="inroleazaCicluStudiiContestatii07()" classname="org.example.TestMain" time="0.016"/>
  <testcase name="inroleazaCicluStudii06()" classname="org.example.TestMain" time="0.015"/>
  <testcase name="coliziuniCicluStudii09()" classname="org.example.TestMain" time="0.022"/>
  <testcase name="exceptieSimplu11()" classname="org.example.TestMain" time="0.008"/>
  <system-out><![CDATA[]]></system-out>
  <system-err><![CDATA[]]></system-err>
</testsuite>
